2025-08-23 01:39:35,618 - __main__ - INFO - Configuration saved
2025-08-23 01:39:35,618 - __main__ - INFO - Created default configuration
2025-08-23 01:39:35,618 - __main__ - INFO - Network Scanner Scheduler initialized
2025-08-23 01:39:35,618 - __main__ - INFO - Configuration saved
2025-08-23 01:39:35,618 - __main__ - INFO - Added schedule 'Quick Test': daily sunday at 01:42
2025-08-23 01:40:35,945 - __main__ - INFO - Loaded configuration from config/scheduler_config.json
2025-08-23 01:40:35,945 - __main__ - INFO - Network Scanner Scheduler initialized
2025-08-23 01:40:35,945 - __main__ - INFO - 🚀 Network Scanner Scheduler started
2025-08-23 01:40:35,946 - __main__ - INFO - 📅 Scheduled: Quick Test - daily sunday at 01:42
2025-08-23 01:42:36,066 - __main__ - INFO - 🚀 Starting scheduled scan: Quick Test
2025-08-23 01:42:36,066 - __main__ - INFO - Executing: /usr/bin/python3 main.py --range 10.0.2.0/24 --mode fast --no-api --output scheduled_scan_Quick Test_20250823_014236
2025-08-23 01:43:29,511 - __main__ - INFO - Configuration saved
2025-08-23 01:43:29,512 - __main__ - INFO - ✅ Scan completed successfully in 53.4 seconds
2025-08-23 01:43:29,512 - __main__ - INFO - 📄 Alert saved to logs/alert_20250823_014329.txt
2025-08-23 01:47:44,621 - __main__ - INFO - ⏹️ Scheduler stopped by user
2025-08-23 01:47:44,621 - __main__ - INFO - 🛑 Network Scanner Scheduler stopped
2025-08-23 01:49:36,185 - __main__ - INFO - Loaded configuration from config/scheduler_config.json
2025-08-23 01:49:36,185 - __main__ - INFO - Network Scanner Scheduler initialized
2025-08-23 01:50:16,046 - __main__ - INFO - Loaded configuration from config/scheduler_config.json
2025-08-23 01:50:16,046 - __main__ - INFO - Network Scanner Scheduler initialized
2025-08-23 01:50:16,046 - __main__ - INFO - Configuration saved
2025-08-23 01:50:16,047 - __main__ - INFO - Removed schedule ID 1
2025-08-23 01:50:19,277 - __main__ - INFO - Loaded configuration from config/scheduler_config.json
2025-08-23 01:50:19,277 - __main__ - INFO - Network Scanner Scheduler initialized
2025-08-23 01:52:49,926 - __main__ - INFO - Loaded configuration from config/scheduler_config.json
2025-08-23 01:52:49,926 - __main__ - INFO - Network Scanner Scheduler initialized
2025-08-23 01:52:49,927 - __main__ - INFO - Configuration saved
2025-08-23 01:52:49,927 - __main__ - INFO - Added schedule 'Quick Scan': weekly sunday at 01:55
2025-08-23 01:52:55,993 - __main__ - INFO - Loaded configuration from config/scheduler_config.json
2025-08-23 01:52:55,993 - __main__ - INFO - Network Scanner Scheduler initialized
2025-08-23 01:53:09,888 - __main__ - INFO - Loaded configuration from config/scheduler_config.json
2025-08-23 01:53:09,888 - __main__ - INFO - Network Scanner Scheduler initialized
2025-08-23 01:53:09,889 - __main__ - INFO - 🚀 Network Scanner Scheduler started
2025-08-23 01:53:09,889 - __main__ - INFO - 📅 Scheduled: Quick Scan - weekly sunday at 01:55
2025-08-23 01:53:27,863 - __main__ - INFO - ⏹️ Scheduler stopped by user
2025-08-23 01:53:27,864 - __main__ - INFO - 🛑 Network Scanner Scheduler stopped
2025-08-23 01:53:30,903 - __main__ - INFO - Loaded configuration from config/scheduler_config.json
2025-08-23 01:53:30,903 - __main__ - INFO - Network Scanner Scheduler initialized
2025-08-23 01:53:30,903 - __main__ - INFO - Configuration saved
2025-08-23 01:53:30,904 - __main__ - INFO - Removed schedule ID 1
2025-08-23 01:55:06,803 - __main__ - INFO - Loaded configuration from config/scheduler_config.json
2025-08-23 01:55:06,803 - __main__ - INFO - Network Scanner Scheduler initialized
2025-08-23 01:55:06,803 - __main__ - INFO - Configuration saved
2025-08-23 01:55:06,804 - __main__ - INFO - Added schedule 'Instant Test': daily sunday at 01:57
2025-08-23 01:56:12,712 - __main__ - INFO - Loaded configuration from config/scheduler_config.json
2025-08-23 01:56:12,712 - __main__ - INFO - Network Scanner Scheduler initialized
2025-08-23 01:56:12,713 - __main__ - INFO - 🚀 Network Scanner Scheduler started
2025-08-23 01:56:12,713 - __main__ - INFO - 📅 Scheduled: Instant Test - daily sunday at 01:57
2025-08-23 01:57:12,714 - __main__ - INFO - 🚀 Starting scheduled scan: Instant Test
2025-08-23 01:57:12,715 - __main__ - INFO - Executing: /usr/bin/python3 main.py --range 10.0.2.0/24 --mode fast --no-api --os-detect --weak-config --output scheduled_scan_Instant Test_20250823_015712
2025-08-23 01:58:31,263 - __main__ - INFO - Configuration saved
2025-08-23 01:58:31,263 - __main__ - INFO - ✅ Scan completed successfully in 78.5 seconds
2025-08-23 01:58:31,264 - __main__ - INFO - 📄 Alert saved to logs/alert_20250823_015831.txt
2025-08-23 03:08:03,270 - __main__ - INFO - ⏹️ Scheduler stopped by user
2025-08-23 03:08:03,271 - __main__ - INFO - 🛑 Network Scanner Scheduler stopped
2025-08-23 03:08:09,447 - __main__ - INFO - Loaded configuration from config/scheduler_config.json
2025-08-23 03:08:09,447 - __main__ - INFO - Network Scanner Scheduler initialized
2025-08-23 03:08:15,165 - __main__ - INFO - Loaded configuration from config/scheduler_config.json
2025-08-23 03:08:15,165 - __main__ - INFO - Network Scanner Scheduler initialized
2025-08-23 03:08:15,165 - __main__ - INFO - Configuration saved
2025-08-23 03:08:15,166 - __main__ - INFO - Removed schedule ID 1
2025-08-23 03:08:18,273 - __main__ - INFO - Loaded configuration from config/scheduler_config.json
2025-08-23 03:08:18,273 - __main__ - INFO - Network Scanner Scheduler initialized
2025-08-23 03:09:08,321 - __main__ - INFO - Loaded configuration from config/scheduler_config.json
2025-08-23 03:09:08,321 - __main__ - INFO - Network Scanner Scheduler initialized
2025-08-23 03:09:08,322 - __main__ - INFO - Configuration saved
2025-08-23 03:09:08,322 - __main__ - INFO - Added schedule 'Instant Test': daily sunday at 03:11
2025-08-23 03:09:17,581 - __main__ - INFO - Loaded configuration from config/scheduler_config.json
2025-08-23 03:09:17,582 - __main__ - INFO - Network Scanner Scheduler initialized
2025-08-23 03:09:17,582 - __main__ - INFO - 🚀 Network Scanner Scheduler started
2025-08-23 03:09:17,582 - __main__ - INFO - 📅 Scheduled: Instant Test - daily sunday at 03:11
2025-08-23 03:11:17,643 - __main__ - INFO - 🚀 Starting scheduled scan: Instant Test
2025-08-23 03:11:17,643 - __main__ - INFO - Executing: /usr/bin/python3 main.py --range 10.0.2.0/24 --mode fast --use-api --os-detect --weak-config --output scheduled_scan_Instant Test_20250823_031117
2025-08-23 03:12:36,683 - __main__ - INFO - Configuration saved
2025-08-23 03:12:36,683 - __main__ - INFO - ✅ Scan completed successfully in 79.0 seconds
2025-08-23 03:12:36,684 - __main__ - INFO - 📄 Alert saved to logs/alert_20250823_031236.txt
2025-08-23 03:15:39,636 - __main__ - INFO - ⏹️ Scheduler stopped by user
2025-08-23 03:15:39,637 - __main__ - INFO - 🛑 Network Scanner Scheduler stopped
2025-08-23 03:15:45,337 - __main__ - INFO - Loaded configuration from config/scheduler_config.json
2025-08-23 03:15:45,338 - __main__ - INFO - Network Scanner Scheduler initialized
2025-08-23 03:15:45,338 - __main__ - INFO - Configuration saved
2025-08-23 03:15:45,338 - __main__ - INFO - Removed schedule ID 1
2025-08-23 03:26:25,473 - __main__ - INFO - Loaded configuration from config/scheduler_config.json
2025-08-23 03:26:25,473 - __main__ - INFO - Network Scanner Scheduler initialized
2025-08-23 03:26:25,474 - __main__ - INFO - Configuration saved
2025-08-23 03:26:25,474 - __main__ - INFO - Added schedule 'Instant Test': daily sunday at 03:28
2025-08-23 03:26:47,904 - __main__ - INFO - Loaded configuration from config/scheduler_config.json
2025-08-23 03:26:47,904 - __main__ - INFO - Network Scanner Scheduler initialized
2025-08-23 03:26:47,904 - __main__ - INFO - 🚀 Network Scanner Scheduler started
2025-08-23 03:26:47,904 - __main__ - INFO - 📅 Scheduled: Instant Test - daily sunday at 03:28
2025-08-23 03:28:47,908 - __main__ - INFO - 🚀 Starting scheduled scan: Instant Test
2025-08-23 03:28:47,908 - __main__ - INFO - Executing: /usr/bin/python3 main.py --range 10.0.2.0/24 --mode fast --use-api --os-detect --weak-config --output scheduled_scan_Instant Test_20250823_032847
2025-08-23 03:30:05,887 - __main__ - INFO - Configuration saved
2025-08-23 03:30:05,887 - __main__ - INFO - ✅ Scan completed successfully in 78.0 seconds
2025-08-23 03:30:05,887 - __main__ - INFO - 📄 Alert saved to logs/alert_20250823_033005.txt
2025-08-23 03:35:31,648 - __main__ - INFO - Loaded configuration from config/scheduler_config.json
2025-08-23 03:35:31,648 - __main__ - INFO - Network Scanner Scheduler initialized
2025-08-23 03:35:37,760 - __main__ - INFO - Loaded configuration from config/scheduler_config.json
2025-08-23 03:35:37,760 - __main__ - INFO - Network Scanner Scheduler initialized
2025-08-23 03:35:37,760 - __main__ - INFO - Configuration saved
2025-08-23 03:35:37,761 - __main__ - INFO - Removed schedule ID 1
2025-08-23 03:51:29,214 - __main__ - INFO - Loaded configuration from config/scheduler_config.json
2025-08-23 03:51:29,214 - __main__ - INFO - Network Scanner Scheduler initialized
2025-08-23 03:51:56,943 - __main__ - INFO - Loaded configuration from config/scheduler_config.json
2025-08-23 03:51:56,943 - __main__ - INFO - Network Scanner Scheduler initialized
2025-08-23 03:51:56,944 - __main__ - INFO - Configuration saved
2025-08-23 03:51:56,944 - __main__ - INFO - Added schedule 'Instant Test': daily sunday at 03:54
2025-08-23 03:52:09,928 - __main__ - INFO - Loaded configuration from config/scheduler_config.json
2025-08-23 03:52:09,928 - __main__ - INFO - Network Scanner Scheduler initialized
2025-08-23 03:52:09,928 - __main__ - INFO - 🚀 Network Scanner Scheduler started
2025-08-23 03:52:09,928 - __main__ - INFO - 📅 Scheduled: Instant Test - daily sunday at 03:54
2025-08-23 03:54:09,936 - __main__ - INFO - 🚀 Starting scheduled scan: Instant Test
2025-08-23 03:54:09,936 - __main__ - INFO - Executing: /usr/bin/python3 main.py --range 10.0.2.0/24 --mode fast --use-api --os-detect --weak-config --output reports/scheduled_scan_Instant Test_20250823_035409
2025-08-23 03:55:27,900 - __main__ - INFO - Configuration saved
2025-08-23 03:55:27,900 - __main__ - INFO - ✅ Scan completed successfully in 78.0 seconds
2025-08-23 03:55:27,900 - __main__ - INFO - 📄 Alert saved to logs/alert_20250823_035527.txt
2025-08-23 04:05:58,918 - __main__ - INFO - Loaded configuration from config/scheduler_config.json
2025-08-23 04:05:58,918 - __main__ - INFO - Network Scanner Scheduler initialized
2025-08-23 04:06:04,569 - __main__ - INFO - Loaded configuration from config/scheduler_config.json
2025-08-23 04:06:04,569 - __main__ - INFO - Network Scanner Scheduler initialized
2025-08-23 04:06:04,570 - __main__ - INFO - Configuration saved
2025-08-23 04:06:04,570 - __main__ - INFO - Removed schedule ID 1
2025-08-23 04:06:06,880 - __main__ - INFO - Loaded configuration from config/scheduler_config.json
2025-08-23 04:06:06,880 - __main__ - INFO - Network Scanner Scheduler initialized
2025-08-27 03:41:49,328 - __main__ - INFO - Loaded configuration from config/scheduler_config.json
2025-08-27 03:41:49,328 - __main__ - INFO - Network Scanner Scheduler initialized
2025-08-27 03:41:49,328 - __main__ - INFO - Configuration saved
2025-08-27 03:41:49,328 - __main__ - INFO - Added schedule 'Instant Test': daily sunday at 03:43
2025-08-27 03:41:58,196 - __main__ - INFO - Loaded configuration from config/scheduler_config.json
2025-08-27 03:41:58,196 - __main__ - INFO - Network Scanner Scheduler initialized
2025-08-27 03:41:58,196 - __main__ - INFO - 🚀 Network Scanner Scheduler started
2025-08-27 03:41:58,196 - __main__ - INFO - 📅 Scheduled: Instant Test - daily sunday at 03:43
2025-08-27 03:42:06,020 - __main__ - INFO - Loaded configuration from config/scheduler_config.json
2025-08-27 03:42:06,020 - __main__ - INFO - Network Scanner Scheduler initialized
2025-08-27 03:42:13,974 - __main__ - INFO - Loaded configuration from config/scheduler_config.json
2025-08-27 03:42:13,974 - __main__ - INFO - Network Scanner Scheduler initialized
2025-08-27 03:43:58,197 - __main__ - INFO - 🚀 Starting scheduled scan: Instant Test
2025-08-27 03:43:58,197 - __main__ - INFO - Executing: /usr/bin/python3 main.py --range 10.0.2.0/24 --mode fast --use-api --os-detect --weak-config --output reports/scheduled_scan_Instant Test_20250827_034358
2025-08-27 03:45:15,847 - __main__ - INFO - Configuration saved
2025-08-27 03:45:15,847 - __main__ - INFO - ✅ Scan completed successfully in 77.6 seconds
2025-08-27 03:45:15,847 - __main__ - INFO - 📄 Alert saved to logs/alert_20250827_034515.txt
2025-08-27 03:46:47,863 - __main__ - INFO - Loaded configuration from config/scheduler_config.json
2025-08-27 03:46:47,864 - __main__ - INFO - Network Scanner Scheduler initialized
2025-08-27 03:58:36,891 - __main__ - INFO - Loaded configuration from config/scheduler_config.json
2025-08-27 03:58:36,892 - __main__ - INFO - Network Scanner Scheduler initialized
2025-08-27 03:58:36,892 - __main__ - INFO - Configuration saved
2025-08-27 03:58:36,892 - __main__ - INFO - Removed schedule ID 1
2025-08-27 03:59:30,673 - __main__ - INFO - Loaded configuration from config/scheduler_config.json
2025-08-27 03:59:30,673 - __main__ - INFO - Network Scanner Scheduler initialized
2025-08-27 03:59:30,673 - __main__ - INFO - Configuration saved
2025-08-27 03:59:30,674 - __main__ - INFO - Added schedule 'Instant Test': daily sunday at 04:01
2025-08-27 03:59:35,496 - __main__ - INFO - Loaded configuration from config/scheduler_config.json
2025-08-27 03:59:35,496 - __main__ - INFO - Network Scanner Scheduler initialized
2025-08-27 03:59:49,748 - __main__ - INFO - Loaded configuration from config/scheduler_config.json
2025-08-27 03:59:49,749 - __main__ - INFO - Network Scanner Scheduler initialized
2025-08-27 03:59:49,749 - __main__ - INFO - 🚀 Network Scanner Scheduler started
2025-08-27 03:59:49,749 - __main__ - INFO - 📅 Scheduled: Instant Test - daily sunday at 04:01
2025-08-27 03:59:52,380 - __main__ - INFO - Loaded configuration from config/scheduler_config.json
2025-08-27 03:59:52,381 - __main__ - INFO - Network Scanner Scheduler initialized
2025-08-27 04:00:07,818 - __main__ - INFO - Loaded configuration from config/scheduler_config.json
2025-08-27 04:00:07,818 - __main__ - INFO - Network Scanner Scheduler initialized
2025-08-27 04:00:07,818 - __main__ - INFO - Configuration saved
2025-08-27 04:00:07,818 - __main__ - INFO - Removed schedule ID 1
